DFS Call Graph:
do_entropy_ops_within -> ['do_1_to_3', 'index', 'en_based_mag_checks', 'choice', 'check_and_run_ent_ops_within']
do_1_to_3 -> ['initialize_run', 'initialize_network_state', 'create_firing_order']
initialize_run -> ['indexMemory', 'make_AM_copy', 'make_AM', 'update_same_RB_POs', 'initialize_GUI', 'get_weight_length']
indexMemory -> ['get_index']
get_index -> []
make_AM_copy -> ['check_analog_for_tokens_to_copy', 'append', 'copy_analog', 'findDriverRecipient']
check_analog_for_tokens_to_copy -> []
append -> []
copy_analog -> ['Analog', 'copy_analog_tokens', 'clear_set', 'retrieve_all_relevant_tokens', 'delete_unretrieved_tokens']
Analog -> []
copy_analog_tokens -> ['PUnit', 'RBUnit', 'POUnit', 'Link', 'len']
PUnit -> []
RBUnit -> []
POUnit -> []
Link -> []
len -> []
clear_set -> []
retrieve_all_relevant_tokens -> ['retrieve_lower_tokens']
retrieve_lower_tokens -> []
delete_unretrieved_tokens -> ['delete_token']
delete_token -> ['remove']
remove -> []
findDriverRecipient -> []
make_AM -> ['set_sub_tokens']
set_sub_tokens -> ['check_sub_tokens']
check_sub_tokens -> []
update_same_RB_POs -> []
initialize_GUI -> []
get_weight_length -> []
initialize_network_state -> ['initialize_memorySet']
initialize_memorySet -> ['initialize_act']
initialize_act -> []
create_firing_order -> ['shuffle', 'makeFiringOrder']
shuffle -> []
makeFiringOrder -> []
index -> []
en_based_mag_checks -> ['list', 'intersection', 'set', 'max', 'sample']
list -> []
intersection -> []
set -> []
max -> []
sample -> []
choice -> []
check_and_run_ent_ops_within -> ['basic_en_based_mag_comparison', 'basic_en_based_mag_refinement']
basic_en_based_mag_comparison -> ['isinstance', 'sum', 'float', 'ent_magnitudeMoreLessSame', 'attach_mag_semantics']
isinstance -> []
sum -> []
float -> []
ent_magnitudeMoreLessSame -> ['round', 'pow', 'entropyNet', 'fillin', 'runEntropyNet', 'abs']
round -> []
pow -> []
entropyNet -> []
fillin -> []
runEntropyNet -> []
abs -> []
attach_mag_semantics -> ['Semantic']
Semantic -> []
basic_en_based_mag_refinement -> ['update_mag_semantics']
update_mag_semantics -> []

Safe Topological Order (refactoring order):
 1. remove
 2. delete_token
 3. retrieve_lower_tokens
 4. len
 5. Link
 6. POUnit
 7. RBUnit
 8. PUnit
 9. check_sub_tokens
10. delete_unretrieved_tokens
11. retrieve_all_relevant_tokens
12. clear_set
13. copy_analog_tokens
14. Analog
15. Semantic
16. abs
17. runEntropyNet
18. fillin
19. entropyNet
20. pow
21. round
22. initialize_act
23. set_sub_tokens
24. findDriverRecipient
25. copy_analog
26. append
27. check_analog_for_tokens_to_copy
28. get_index
29. update_mag_semantics
30. attach_mag_semantics
31. ent_magnitudeMoreLessSame
32. float
33. sum
34. isinstance
35. makeFiringOrder
36. shuffle
37. initialize_memorySet
38. get_weight_length
39. initialize_GUI
40. update_same_RB_POs
41. make_AM
42. make_AM_copy
43. indexMemory
44. basic_en_based_mag_refinement
45. basic_en_based_mag_comparison
46. sample
47. max
48. set
49. intersection
50. list
51. create_firing_order
52. initialize_network_state
53. initialize_run
54. check_and_run_ent_ops_within
55. choice
56. en_based_mag_checks
57. index
58. do_1_to_3
59. do_entropy_ops_within
