DFS Call Graph:
do_compression -> ['update_same_RB_POs', 'find_objs_for_compression', 'do_1_to_3', 'time_step_activations', 'compression_routine', 'time_step_fire_local_inhibitor', 'time_step_doGUI', 'post_count_by_operations', 'collect_the_rest', 'range', 'newSet_items_to_analog', 'print', 'reset_inferences']
update_same_RB_POs -> ['len', 'append']
len -> []
append -> []
find_objs_for_compression -> []
do_1_to_3 -> ['initialize_run', 'initialize_network_state', 'create_firing_order']
initialize_run -> ['indexMemory', 'make_AM_copy', 'make_AM', 'initialize_GUI', 'get_weight_length']
indexMemory -> ['get_index']
get_index -> []
make_AM_copy -> ['check_analog_for_tokens_to_copy', 'copy_analog', 'findDriverRecipient']
check_analog_for_tokens_to_copy -> []
copy_analog -> ['Analog', 'copy_analog_tokens', 'clear_set', 'retrieve_all_relevant_tokens', 'delete_unretrieved_tokens']
Analog -> []
copy_analog_tokens -> ['PUnit', 'RBUnit', 'POUnit', 'Link']
PUnit -> []
RBUnit -> []
POUnit -> []
Link -> []
clear_set -> []
retrieve_all_relevant_tokens -> ['retrieve_lower_tokens']
retrieve_lower_tokens -> []
delete_unretrieved_tokens -> ['delete_token']
delete_token -> ['remove']
remove -> []
findDriverRecipient -> []
make_AM -> ['set_sub_tokens']
set_sub_tokens -> ['check_sub_tokens']
check_sub_tokens -> []
initialize_GUI -> []
get_weight_length -> []
initialize_network_state -> ['initialize_memorySet']
initialize_memorySet -> ['initialize_act']
initialize_act -> []
create_firing_order -> ['shuffle', 'makeFiringOrder']
shuffle -> []
makeFiringOrder -> []
time_step_activations -> ['initialize_input', 'get_Pmode', 'update_driver_inputs', 'update_inhibitor_input', 'update_inhibitor_act', 'checkDriverPOs', 'checkDriverRBs', 'update_input', 'update_recipient_inputs', 'update_newSet_inputs', 'update_activations_run']
initialize_input -> []
get_Pmode -> []
update_driver_inputs -> ['update_input_driver', 'update_input_driver_parent', 'update_input_driver_child']
update_input_driver -> []
update_input_driver_parent -> []
update_input_driver_child -> []
update_inhibitor_input -> []
update_inhibitor_act -> []
checkDriverPOs -> []
checkDriverRBs -> []
update_input -> []
update_recipient_inputs -> ['update_input_recipient_parent', 'update_input_recipient_child', 'update_input_recipient']
update_input_recipient_parent -> []
update_input_recipient_child -> []
update_input_recipient -> []
update_newSet_inputs -> []
update_activations_run -> ['update_act', 'get_max_sem_input', 'set_max_input']
update_act -> []
get_max_sem_input -> []
set_max_input -> []
compression_routine -> ['get_most_active_unit', 'str', 'index', 'Semantic']
get_most_active_unit -> []
str -> []
index -> []
Semantic -> []
time_step_fire_local_inhibitor -> ['fire_local_inhibitor']
fire_local_inhibitor -> []
time_step_doGUI -> ['get', 'hasattr', 'set_trace', 'run_GUI']
get -> []
hasattr -> []
set_trace -> []
run_GUI -> []
post_count_by_operations -> ['fire_global_inhibitor', 'reset_inhibitor']
fire_global_inhibitor -> []
reset_inhibitor -> []
collect_the_rest -> ['infer_RB', 'infer_PO']
infer_RB -> []
infer_PO -> []
range -> []
newSet_items_to_analog -> []
print -> []
reset_inferences -> []

Safe Topological Order (refactoring order):
 1. remove
 2. delete_token
 3. retrieve_lower_tokens
 4. Link
 5. POUnit
 6. RBUnit
 7. PUnit
 8. check_sub_tokens
 9. delete_unretrieved_tokens
10. retrieve_all_relevant_tokens
11. clear_set
12. copy_analog_tokens
13. Analog
14. initialize_act
15. set_sub_tokens
16. findDriverRecipient
17. copy_analog
18. check_analog_for_tokens_to_copy
19. get_index
20. set_max_input
21. get_max_sem_input
22. update_act
23. update_input_recipient
24. update_input_recipient_child
25. update_input_recipient_parent
26. update_input_driver_child
27. update_input_driver_parent
28. update_input_driver
29. makeFiringOrder
30. shuffle
31. initialize_memorySet
32. get_weight_length
33. initialize_GUI
34. make_AM
35. make_AM_copy
36. indexMemory
37. infer_PO
38. infer_RB
39. reset_inhibitor
40. fire_global_inhibitor
41. run_GUI
42. set_trace
43. hasattr
44. get
45. fire_local_inhibitor
46. Semantic
47. index
48. str
49. get_most_active_unit
50. update_activations_run
51. update_newSet_inputs
52. update_recipient_inputs
53. update_input
54. checkDriverRBs
55. checkDriverPOs
56. update_inhibitor_act
57. update_inhibitor_input
58. update_driver_inputs
59. get_Pmode
60. initialize_input
61. create_firing_order
62. initialize_network_state
63. initialize_run
64. append
65. len
66. reset_inferences
67. print
68. newSet_items_to_analog
69. range
70. collect_the_rest
71. post_count_by_operations
72. time_step_doGUI
73. time_step_fire_local_inhibitor
74. compression_routine
75. time_step_activations
76. do_1_to_3
77. find_objs_for_compression
78. update_same_RB_POs
79. do_compression
