DFS Call Graph:
do_1_to_3 -> ['initialize_run', 'initialize_network_state', 'create_firing_order']
initialize_run -> ['indexMemory', 'make_AM_copy', 'make_AM', 'update_same_RB_POs', 'initialize_GUI', 'get_weight_length']
indexMemory -> ['get_index']
get_index -> []
make_AM_copy -> ['check_analog_for_tokens_to_copy', 'append', 'copy_analog', 'findDriverRecipient']
check_analog_for_tokens_to_copy -> []
append -> []
copy_analog -> ['Analog', 'copy_analog_tokens', 'clear_set', 'retrieve_all_relevant_tokens', 'delete_unretrieved_tokens']
Analog -> []
copy_analog_tokens -> ['PUnit', 'RBUnit', 'POUnit', 'Link', 'len']
PUnit -> []
RBUnit -> []
POUnit -> []
Link -> []
len -> []
clear_set -> []
retrieve_all_relevant_tokens -> ['retrieve_lower_tokens']
retrieve_lower_tokens -> []
delete_unretrieved_tokens -> ['delete_token']
delete_token -> ['remove']
remove -> []
findDriverRecipient -> []
make_AM -> ['set_sub_tokens']
set_sub_tokens -> ['check_sub_tokens']
check_sub_tokens -> []
update_same_RB_POs -> []
initialize_GUI -> []
get_weight_length -> []
initialize_network_state -> ['initialize_memorySet']
initialize_memorySet -> ['initialize_act']
initialize_act -> []
create_firing_order -> ['shuffle', 'makeFiringOrder']
shuffle -> []
makeFiringOrder -> []

Safe Topological Order (refactoring order):
 1. remove
 2. delete_token
 3. retrieve_lower_tokens
 4. len
 5. Link
 6. POUnit
 7. RBUnit
 8. PUnit
 9. check_sub_tokens
10. delete_unretrieved_tokens
11. retrieve_all_relevant_tokens
12. clear_set
13. copy_analog_tokens
14. Analog
15. initialize_act
16. set_sub_tokens
17. findDriverRecipient
18. copy_analog
19. append
20. check_analog_for_tokens_to_copy
21. get_index
22. makeFiringOrder
23. shuffle
24. initialize_memorySet
25. get_weight_length
26. initialize_GUI
27. update_same_RB_POs
28. make_AM
29. make_AM_copy
30. indexMemory
31. create_firing_order
32. initialize_network_state
33. initialize_run
34. do_1_to_3
